MinIO Object Storage Server
Copyright: 2015-2026 MinIO, Inc.
License: GNU AGPLv3 - https://www.gnu.org/licenses/agpl-3.0.html
Version: RELEASE.2025-09-06T17-38-46Z (go1.24.6 darwin/arm64)

API: http://0.0.0.0:9000 
WebUI: http://127.0.0.1:9001 

Docs: https://docs.min.io
INFO: 
 You are running an older version of MinIO released 22 hours before the latest release 
 Update: Run `mc admin update ALIAS` 


INFO: Exiting on signal: TERMINATED
FATAL Unable to start the server: Specified port is already in use
      > Please ensure no other program uses the same address/port
FATAL Unable to start the server: Specified port is already in use
      > Please ensure no other program uses the same address/port
FATAL Unable to start the server: Specified port is already in use
      > Please ensure no other program uses the same address/port
MinIO Object Storage Server
Copyright: 2015-2026 MinIO, Inc.
License: GNU AGPLv3 - https://www.gnu.org/licenses/agpl-3.0.html
Version: RELEASE.2025-09-06T17-38-46Z (go1.24.6 darwin/arm64)

API: http://127.0.0.1:9000 
WebUI: http://127.0.0.1:9001 

Docs: https://docs.min.io
INFO: 
 You are running an older version of MinIO released 22 hours before the latest release 
 Update: Run `mc admin update ALIAS` 


INFO: Exiting on signal: TERMINATED
