=== Indexing business at 12:19:40 ===
Memory index updated (business).
=== exit=0 at 12:20:24 ===
=== Indexing architect at 12:20:24 ===
Memory index updated (architect).
=== exit=0 at 12:21:08 ===
=== Indexing platform-arch at 12:21:08 ===
Memory index updated (platform-arch).
=== exit=0 at 12:21:53 ===
=== Indexing ahsoka at 12:21:53 ===
Memory index updated (ahsoka).
=== exit=0 at 12:22:38 ===
=== Indexing social at 12:22:38 ===
Memory index updated (social).
=== exit=0 at 12:23:23 ===
=== Indexing biz-process at 12:23:23 ===
Memory index updated (biz-process).
=== exit=0 at 12:24:07 ===
=== Indexing change-mgt at 12:24:07 ===
Memory index updated (change-mgt).
=== exit=0 at 12:24:52 ===
=== Indexing security at 12:24:52 ===
Memory index updated (security).
=== exit=0 at 12:25:37 ===
=== Indexing legal at 12:25:37 ===
Memory index updated (legal).
=== exit=0 at 12:26:22 ===
=== Indexing qa at 12:26:22 ===
Memory index updated (qa).
=== exit=0 at 12:27:07 ===
=== Indexing governance at 12:27:07 ===
Memory index updated (governance).
=== exit=0 at 12:27:51 ===
=== Indexing luthen at 12:27:51 ===
Memory index updated (luthen).
=== exit=0 at 12:28:36 ===
ALL_DONE at 12:28:36
